Webware for Python 0.9.4
Installer

    Cur Date: Tue Sep 25 18:16:30 2012
      Python: 2.3.4 (#1, Aug  8 2009, 09:55:57) 
              [GCC 3.4.6 20060404 (Red Hat 3.4.6-11)]
      Op Sys: posix
    Platform: linux2
     Cur Dir: /work/flamebox/mgmt-build-774/mgmt/framework/install/product-RBT_SH/image/opt/tms/web2/webware

Scanning for components...
CGIWrapper yes     COMKit     yes     DocSupport no 
Docs       no      KidKit     yes     MiddleKit  yes
MiscUtils  yes     PSP        yes     TaskKit    yes
UserKit    yes     WebKit     yes     WebUtils   yes
bin        no     

Processing html doc files...

Processing phtml doc files...
The templates will be removed afterwards.

Creating html source, summaries and doc files...
CGIWrapper ok      COMKit     ok      KidKit     ok
MiddleKit  ok      MiscUtils  ok      PSP        ok
TaskKit    ok      UserKit    ok      WebKit     ok
WebUtils   ok     

Creating ComponentIndex.html...
Creating index.html for all components...

Making all Docs directories browsable via WebKit...

Creating backups of original config files...

Copying start script... RedHat

Byte compiling all modules...

Setting permissions on CGI scripts...
Setting permission on start script...

Setting the WebKit password...

A password was specified on the command-line.
You can check the password after installation at:
WebKit/Configs/Application.config
Password replaced successfully.


Installation looks successful.

Welcome to Webware!

You can already try out the WebKit application server. Start it with
"WebKit/AppServer" and point your browser to "http://localhost:8080".

Browsable documentation is available in the Docs folders.
You can use "Docs/index.html" as the main entry point.

Installation is finished.
